Using pre-set license
Built from '2020.3/staging' branch; Version is '2020.3.10f1 (297d780c91bc) revision 2719096'; Using compiler version '192528614'; Build Type 'Release'
OS: 'Windows 10 Pro; OS build 19041.985; Version 2004; 64bit' Language: 'en' Physical Memory: 16334 MB
BatchMode: 1, IsHumanControllingUs: 0, StartBugReporterOnCrash: 0, Is64bit: 1, IsPro: 0

 COMMAND LINE ARGUMENTS:
C:\Program Files\Unity\Hub\Editor\2020.3.10f1\Editor\Unity.exe
-adb2
-batchMode
-noUpm
-name
AssetImportWorker0
-projectPath
C:/Users/Ryan/Desktop/Unity Projects/da-game/First Game
-logFile
Logs/AssetImportWorker0.log
-srvPort
62277
Successfully changed project path to: C:/Users/Ryan/Desktop/Unity Projects/da-game/First Game
C:/Users/Ryan/Desktop/Unity Projects/da-game/First Game
Using Asset Import Pipeline V2.
Refreshing native plugins compatible for Editor in 66.12 ms, found 2 plugins.
Preloading 0 native plugins for Editor in 0.00 ms.
Initialize engine version: 2020.3.10f1 (297d780c91bc)
[Subsystems] Discovering subsystems at path C:/Program Files/Unity/Hub/Editor/2020.3.10f1/Editor/Data/Resources/UnitySubsystems
[Subsystems] Discovering subsystems at path C:/Users/Ryan/Desktop/Unity Projects/da-game/First Game/Assets
GfxDevice: creating device client; threaded=0
Direct3D:
    Version:  Direct3D 11.0 [level 11.1]
    Renderer: NVIDIA GeForce GTX 1070 (ID=0x1b81)
    Vendor:   
    VRAM:     8088 MB
    Driver:   27.21.14.6611
Shader 'Universal Render Pipeline/Particles/Lit': fallback shader 'Universal Render Pipeline/Particles/SimpleLit' not found
Initialize mono
Mono path[0] = 'C:/Program Files/Unity/Hub/Editor/2020.3.10f1/Editor/Data/Managed'
Mono path[1] = 'C:/Program Files/Unity/Hub/Editor/2020.3.10f1/Editor/Data/MonoBleedingEdge/lib/mono/unityjit'
Mono config path = 'C:/Program Files/Unity/Hub/Editor/2020.3.10f1/Editor/Data/MonoBleedingEdge/etc'
Using monoOptions --debugger-agent=transport=dt_socket,embedding=1,server=y,suspend=n,address=127.0.0.1:56300
Begin MonoManager ReloadAssembly
Registering precompiled unity dll's ...
Register platform support module: C:/Program Files/Unity/Hub/Editor/2020.3.10f1/Editor/Data/PlaybackEngines/WindowsStandaloneSupport/UnityEditor.WindowsStandalone.Extensions.dll
Registered in 0.001604 seconds.
Native extension for WindowsStandalone target not found
Refreshing native plugins compatible for Editor in 67.88 ms, found 2 plugins.
Preloading 0 native plugins for Editor in 0.00 ms.
Mono: successfully reloaded assembly
- Completed reload, in  0.937 seconds
Platform modules already initialized, skipping
Registering precompiled user dll's ...
Registered in 0.004466 seconds.
Begin MonoManager ReloadAssembly
Native extension for WindowsStandalone target not found
Refreshing native plugins compatible for Editor in 68.62 ms, found 2 plugins.
Preloading 0 native plugins for Editor in 0.00 ms.
Mono: successfully reloaded assembly
- Completed reload, in  1.266 seconds
Platform modules already initialized, skipping
========================================================================
Worker process is ready to serve import requests
Shader 'Universal Render Pipeline/Particles/Lit': fallback shader 'Universal Render Pipeline/Particles/SimpleLit' not found
Launched and connected shader compiler UnityShaderCompiler.exe after 0.04 seconds
Refreshing native plugins compatible for Editor in 0.89 ms, found 2 plugins.
Preloading 0 native plugins for Editor in 0.00 ms.
Unloading 3690 Unused Serialized files (Serialized files now loaded: 0)
System memory in use before: 158.9 MB.
System memory in use after: 159.1 MB.

Unloading 22 unused Assets to reduce memory usage. Loaded Objects now: 4128.
Total: 2.845400 ms (FindLiveObjects: 0.399500 ms CreateObjectMapping: 0.095700 ms MarkObjects: 2.270500 ms  DeleteObjects: 0.078300 ms)

AssetImportParameters requested are different than current active one (requested -> active):
  requireTextureImportCompression: false -> true
========================================================================
Received Import Request.
  path: Assets/URPPipelineRenderer_Renderer.asset
  artifactKey: Guid(59fcce2f0b2013b4a84d41dba49b4ae8) Importer(815301076,1909f56bfc062723c751e8b465ee728b)
Start importing Assets/URPPipelineRenderer_Renderer.asset using Guid(59fcce2f0b2013b4a84d41dba49b4ae8) Importer(815301076,1909f56bfc062723c751e8b465ee728b)  -> (artifact id: '8fc50983c7404cf936411319f19bd436') in 0.042376 seconds
  Import took 0.047917 seconds .

========================================================================
Received Import Request.
  Time since last request: 0.000179 seconds.
  path: Assets/VFXDefaultResources.asset
  artifactKey: Guid(7b3c64846307d9a4da5b252ea54ae88f) Importer(815301076,1909f56bfc062723c751e8b465ee728b)
Start importing Assets/VFXDefaultResources.asset using Guid(7b3c64846307d9a4da5b252ea54ae88f) Importer(815301076,1909f56bfc062723c751e8b465ee728b)  -> (artifact id: '194c1cec199bb938991466d198bcc8e5') in 0.038604 seconds
  Import took 0.043980 seconds .

========================================================================
Received Import Request.
  Time since last request: 0.000298 seconds.
  path: Assets/URPPipelineRenderer.asset
  artifactKey: Guid(586792b2c9900674c986170f357691e8) Importer(815301076,1909f56bfc062723c751e8b465ee728b)
Start importing Assets/URPPipelineRenderer.asset using Guid(586792b2c9900674c986170f357691e8) Importer(815301076,1909f56bfc062723c751e8b465ee728b)  -> (artifact id: '0cd7603017d5adbc4cb7ba07255455c3') in 0.007354 seconds
  Import took 0.013097 seconds .

========================================================================
Received Import Request.
  Time since last request: 0.000193 seconds.
  path: Assets/InputSystem.inputsettings.asset
  artifactKey: Guid(784ca52c00a858f45aa231598d6c6f62) Importer(815301076,1909f56bfc062723c751e8b465ee728b)
Start importing Assets/InputSystem.inputsettings.asset using Guid(784ca52c00a858f45aa231598d6c6f62) Importer(815301076,1909f56bfc062723c751e8b465ee728b)  -> (artifact id: '2d2c02b2cd0557c488e2da4804f610d5') in 0.042680 seconds
  Import took 0.047570 seconds .

========================================================================
Received Import Request.
  Time since last request: 0.000199 seconds.
  path: Assets/Ground.mat
  artifactKey: Guid(f591245cd34e5614e87713f984ae490f) Importer(815301076,1909f56bfc062723c751e8b465ee728b)
Start importing Assets/Ground.mat using Guid(f591245cd34e5614e87713f984ae490f) Importer(815301076,1909f56bfc062723c751e8b465ee728b)  -> (artifact id: 'ad049c99858f86521c3a8d71c26c5a38') in 0.194745 seconds
  Import took 0.200484 seconds .

========================================================================
Received Prepare
Registering precompiled user dll's ...
Registered in 0.004176 seconds.
Begin MonoManager ReloadAssembly
Native extension for WindowsStandalone target not found
Refreshing native plugins compatible for Editor in 0.66 ms, found 2 plugins.
Preloading 0 native plugins for Editor in 0.00 ms.
Mono: successfully reloaded assembly
- Completed reload, in  1.045 seconds
Platform modules already initialized, skipping
Shader 'Universal Render Pipeline/Particles/Lit': fallback shader 'Universal Render Pipeline/Particles/SimpleLit' not found
Refreshing native plugins compatible for Editor in 0.70 ms, found 2 plugins.
Preloading 0 native plugins for Editor in 0.00 ms.
Unloading 3561 Unused Serialized files (Serialized files now loaded: 0)
System memory in use before: 155.8 MB.
System memory in use after: 156.1 MB.

Unloading 17 unused Assets to reduce memory usage. Loaded Objects now: 4213.
Total: 2.452900 ms (FindLiveObjects: 0.338800 ms CreateObjectMapping: 0.095700 ms MarkObjects: 1.977900 ms  DeleteObjects: 0.039700 ms)

AssetImportParameters requested are different than current active one (requested -> active):
  requireTextureImportCompression: false -> true
========================================================================
Received Prepare
Registering precompiled user dll's ...
Registered in 0.004075 seconds.
Begin MonoManager ReloadAssembly
Native extension for WindowsStandalone target not found
Refreshing native plugins compatible for Editor in 0.83 ms, found 2 plugins.
Preloading 0 native plugins for Editor in 0.00 ms.
Mono: successfully reloaded assembly
- Completed reload, in  1.239 seconds
Platform modules already initialized, skipping
Shader 'Universal Render Pipeline/Particles/Lit': fallback shader 'Universal Render Pipeline/Particles/SimpleLit' not found
Refreshing native plugins compatible for Editor in 1.12 ms, found 2 plugins.
Preloading 0 native plugins for Editor in 0.00 ms.
Unloading 3558 Unused Serialized files (Serialized files now loaded: 0)
System memory in use before: 155.8 MB.
System memory in use after: 156.1 MB.

Unloading 16 unused Assets to reduce memory usage. Loaded Objects now: 4216.
Total: 3.673100 ms (FindLiveObjects: 0.585700 ms CreateObjectMapping: 0.228500 ms MarkObjects: 2.837000 ms  DeleteObjects: 0.020500 ms)

AssetImportParameters requested are different than current active one (requested -> active):
  requireTextureImportCompression: false -> true
