Using pre-set license
Built from '2020.3/staging' branch; Version is '2020.3.10f1 (297d780c91bc) revision 2719096'; Using compiler version '192528614'; Build Type 'Release'
OS: 'Windows 10 Pro; OS build 19041.1052; Version 2004; 64bit' Language: 'en' Physical Memory: 16334 MB
BatchMode: 1, IsHumanControllingUs: 0, StartBugReporterOnCrash: 0, Is64bit: 1, IsPro: 0

 COMMAND LINE ARGUMENTS:
C:\Program Files\Unity\Hub\Editor\2020.3.10f1\Editor\Unity.exe
-adb2
-batchMode
-noUpm
-name
AssetImportWorker0
-projectPath
C:/Users/Ryan/Desktop/Unity Projects/da-game/First Game
-logFile
Logs/AssetImportWorker0.log
-srvPort
64143
Successfully changed project path to: C:/Users/Ryan/Desktop/Unity Projects/da-game/First Game
C:/Users/Ryan/Desktop/Unity Projects/da-game/First Game
Using Asset Import Pipeline V2.
Refreshing native plugins compatible for Editor in 57.60 ms, found 2 plugins.
Preloading 0 native plugins for Editor in 0.00 ms.
Initialize engine version: 2020.3.10f1 (297d780c91bc)
[Subsystems] Discovering subsystems at path C:/Program Files/Unity/Hub/Editor/2020.3.10f1/Editor/Data/Resources/UnitySubsystems
[Subsystems] Discovering subsystems at path C:/Users/Ryan/Desktop/Unity Projects/da-game/First Game/Assets
GfxDevice: creating device client; threaded=0
Direct3D:
    Version:  Direct3D 11.0 [level 11.1]
    Renderer: NVIDIA GeForce GTX 1070 (ID=0x1b81)
    Vendor:   
    VRAM:     8088 MB
    Driver:   27.21.14.6611
Shader 'Universal Render Pipeline/Particles/Lit': fallback shader 'Universal Render Pipeline/Particles/SimpleLit' not found
Initialize mono
Mono path[0] = 'C:/Program Files/Unity/Hub/Editor/2020.3.10f1/Editor/Data/Managed'
Mono path[1] = 'C:/Program Files/Unity/Hub/Editor/2020.3.10f1/Editor/Data/MonoBleedingEdge/lib/mono/unityjit'
Mono config path = 'C:/Program Files/Unity/Hub/Editor/2020.3.10f1/Editor/Data/MonoBleedingEdge/etc'
Using monoOptions --debugger-agent=transport=dt_socket,embedding=1,server=y,suspend=n,address=127.0.0.1:56976
Begin MonoManager ReloadAssembly
Registering precompiled unity dll's ...
Register platform support module: C:/Program Files/Unity/Hub/Editor/2020.3.10f1/Editor/Data/PlaybackEngines/WindowsStandaloneSupport/UnityEditor.WindowsStandalone.Extensions.dll
Registered in 0.001442 seconds.
Native extension for WindowsStandalone target not found
Refreshing native plugins compatible for Editor in 60.59 ms, found 2 plugins.
Preloading 0 native plugins for Editor in 0.00 ms.
Mono: successfully reloaded assembly
- Completed reload, in  0.842 seconds
Platform modules already initialized, skipping
Registering precompiled user dll's ...
Registered in 0.003641 seconds.
Begin MonoManager ReloadAssembly
Native extension for WindowsStandalone target not found
Refreshing native plugins compatible for Editor in 65.03 ms, found 2 plugins.
Preloading 0 native plugins for Editor in 0.00 ms.
Mono: successfully reloaded assembly
- Completed reload, in  1.110 seconds
Platform modules already initialized, skipping
========================================================================
Worker process is ready to serve import requests
Shader 'Universal Render Pipeline/Particles/Lit': fallback shader 'Universal Render Pipeline/Particles/SimpleLit' not found
Launched and connected shader compiler UnityShaderCompiler.exe after 0.04 seconds
Refreshing native plugins compatible for Editor in 0.63 ms, found 2 plugins.
Preloading 0 native plugins for Editor in 0.00 ms.
Unloading 3690 Unused Serialized files (Serialized files now loaded: 0)
System memory in use before: 159.2 MB.
System memory in use after: 159.4 MB.

Unloading 22 unused Assets to reduce memory usage. Loaded Objects now: 4129.
Total: 2.418600 ms (FindLiveObjects: 0.354700 ms CreateObjectMapping: 0.091600 ms MarkObjects: 1.910700 ms  DeleteObjects: 0.060500 ms)

AssetImportParameters requested are different than current active one (requested -> active):
  requireTextureImportCompression: false -> true
========================================================================
Received Import Request.
  path: Assets/Textures/FirTreeMaterial.mat
  artifactKey: Guid(56d62ab96f24dc7439a80df533e7945f) Importer(815301076,1909f56bfc062723c751e8b465ee728b)
Start importing Assets/Textures/FirTreeMaterial.mat using Guid(56d62ab96f24dc7439a80df533e7945f) Importer(815301076,1909f56bfc062723c751e8b465ee728b)  -> (artifact id: '96b6de12eba8c68e915ed193a1fc731e') in 0.312619 seconds
  Import took 0.317829 seconds .

========================================================================
Received Import Request.
  Time since last request: 0.000192 seconds.
  path: Assets/Textures/ChestCannonMaterial.mat
  artifactKey: Guid(37e8210ba22e8be4a9b33ac2b5f8516b) Importer(815301076,1909f56bfc062723c751e8b465ee728b)
Start importing Assets/Textures/ChestCannonMaterial.mat using Guid(37e8210ba22e8be4a9b33ac2b5f8516b) Importer(815301076,1909f56bfc062723c751e8b465ee728b)  -> (artifact id: '4df6b52fdbe4b177bc412951b123e8e7') in 0.150540 seconds
  Import took 0.155225 seconds .

========================================================================
Received Import Request.
  Time since last request: 0.000222 seconds.
  path: Assets/Textures/BasicMat.mat
  artifactKey: Guid(d630d6ff1dc96054f90f688aed0e713a) Importer(815301076,1909f56bfc062723c751e8b465ee728b)
Start importing Assets/Textures/BasicMat.mat using Guid(d630d6ff1dc96054f90f688aed0e713a) Importer(815301076,1909f56bfc062723c751e8b465ee728b)  -> (artifact id: '289e859f4c0c30780bd89f2ad1d36fed') in 0.010814 seconds
  Import took 0.015658 seconds .

========================================================================
Received Import Request.
  Time since last request: 0.000196 seconds.
  path: Assets/Textures/SwordMaterial.mat
  artifactKey: Guid(fa72fbb2e69cfc14d98b27d67243a955) Importer(815301076,1909f56bfc062723c751e8b465ee728b)
Start importing Assets/Textures/SwordMaterial.mat using Guid(fa72fbb2e69cfc14d98b27d67243a955) Importer(815301076,1909f56bfc062723c751e8b465ee728b)  -> (artifact id: 'eb157fb157a8fb05311c6082f19dfe3e') in 0.030268 seconds
  Import took 0.035261 seconds .

========================================================================
Received Import Request.
  Time since last request: 0.000192 seconds.
  path: Assets/Textures/AxeMaterial.mat
  artifactKey: Guid(c655fdf32b3af6948bcd7d1f84af2dcf) Importer(815301076,1909f56bfc062723c751e8b465ee728b)
Start importing Assets/Textures/AxeMaterial.mat using Guid(c655fdf32b3af6948bcd7d1f84af2dcf) Importer(815301076,1909f56bfc062723c751e8b465ee728b)  -> (artifact id: 'f27b6e444755bed722ce0940c73c654f') in 0.026006 seconds
  Import took 0.030885 seconds .

========================================================================
Received Import Request.
  Time since last request: 0.000189 seconds.
  path: Assets/Textures/MTNLakeMaterial.mat
  artifactKey: Guid(102dcf3eac6119a4ba9e78a6f2c8c205) Importer(815301076,1909f56bfc062723c751e8b465ee728b)
Start importing Assets/Textures/MTNLakeMaterial.mat using Guid(102dcf3eac6119a4ba9e78a6f2c8c205) Importer(815301076,1909f56bfc062723c751e8b465ee728b)  -> (artifact id: 'e3813dacaf942cfd89a6a6703c3b6eb5') in 0.112798 seconds
  Import took 0.117777 seconds .

========================================================================
Received Import Request.
  Time since last request: 0.000136 seconds.
  path: Assets/Textures/PlayerMaterial.mat
  artifactKey: Guid(dc30042e51311424fb5ec8eaf8ded3b5) Importer(815301076,1909f56bfc062723c751e8b465ee728b)
Start importing Assets/Textures/PlayerMaterial.mat using Guid(dc30042e51311424fb5ec8eaf8ded3b5) Importer(815301076,1909f56bfc062723c751e8b465ee728b)  -> (artifact id: 'ebb86653084adfe660cb957a1a0cf842') in 0.012087 seconds
  Import took 0.017770 seconds .

========================================================================
Received Import Request.
  Time since last request: 0.000163 seconds.
  path: Assets/Textures/BasicSwordLight.mat
  artifactKey: Guid(9f3f1537c7a313e4bb8e1f97bb6b6523) Importer(815301076,1909f56bfc062723c751e8b465ee728b)
Start importing Assets/Textures/BasicSwordLight.mat using Guid(9f3f1537c7a313e4bb8e1f97bb6b6523) Importer(815301076,1909f56bfc062723c751e8b465ee728b)  -> (artifact id: 'd77ae57f08b8df534097c956b61c7ac6') in 0.011359 seconds
  Import took 0.015916 seconds .

========================================================================
Received Import Request.
  Time since last request: 0.000192 seconds.
  path: Assets/Textures/PileRockMaterial.mat
  artifactKey: Guid(480d40f39d6bf3145a8be60f4500fbce) Importer(815301076,1909f56bfc062723c751e8b465ee728b)
Start importing Assets/Textures/PileRockMaterial.mat using Guid(480d40f39d6bf3145a8be60f4500fbce) Importer(815301076,1909f56bfc062723c751e8b465ee728b)  -> (artifact id: '496788e443bbe689b119a36788eeaeb9') in 0.026969 seconds
  Import took 0.032069 seconds .

========================================================================
Received Import Request.
  Time since last request: 0.000163 seconds.
  path: Assets/Textures/BasicSword.mat
  artifactKey: Guid(bc335fe99fa2de6488a48cdd2f9d6cca) Importer(815301076,1909f56bfc062723c751e8b465ee728b)
Start importing Assets/Textures/BasicSword.mat using Guid(bc335fe99fa2de6488a48cdd2f9d6cca) Importer(815301076,1909f56bfc062723c751e8b465ee728b)  -> (artifact id: 'bef515f5315dad81638ecf63592f524c') in 0.035496 seconds
  Import took 0.040428 seconds .

========================================================================
Received Import Request.
  Time since last request: 9.029816 seconds.
  path: Assets/Textures/HammerHeadTexture.png
  artifactKey: Guid(9c8f4201e20ea29419891ef2638db910) Importer(815301076,1909f56bfc062723c751e8b465ee728b)
Start importing Assets/Textures/HammerHeadTexture.png using Guid(9c8f4201e20ea29419891ef2638db910) Importer(815301076,1909f56bfc062723c751e8b465ee728b)  -> (artifact id: '387da2dcf73f38322b6414b404beb2bb') in 0.089611 seconds
  Import took 0.095537 seconds .

========================================================================
Received Import Request.
  Time since last request: 1.794677 seconds.
  path: Assets/Textures/HammerJetsEmissionTexture.png
  artifactKey: Guid(e0caf3180bc9fe64da23c9fc5417b129) Importer(815301076,1909f56bfc062723c751e8b465ee728b)
Start importing Assets/Textures/HammerJetsEmissionTexture.png using Guid(e0caf3180bc9fe64da23c9fc5417b129) Importer(815301076,1909f56bfc062723c751e8b465ee728b)  -> (artifact id: '25ba4e10b7a836427677a5dc60877134') in 0.010637 seconds
  Import took 0.015586 seconds .

========================================================================
Received Import Request.
  Time since last request: 11.827094 seconds.
  path: Assets/Textures/HammerHeadTexture.png
  artifactKey: Guid(9c8f4201e20ea29419891ef2638db910) Importer(815301076,1909f56bfc062723c751e8b465ee728b)
Start importing Assets/Textures/HammerHeadTexture.png using Guid(9c8f4201e20ea29419891ef2638db910) Importer(815301076,1909f56bfc062723c751e8b465ee728b)  -> (artifact id: '7e50e7a32e8a4938327c303543c991a6') in 0.029531 seconds
  Import took 0.035584 seconds .

========================================================================
Received Import Request.
  Time since last request: 6.214376 seconds.
  path: Assets/Textures/HammerJetsEmissionTexture.png
  artifactKey: Guid(e0caf3180bc9fe64da23c9fc5417b129) Importer(815301076,1909f56bfc062723c751e8b465ee728b)
Start importing Assets/Textures/HammerJetsEmissionTexture.png using Guid(e0caf3180bc9fe64da23c9fc5417b129) Importer(815301076,1909f56bfc062723c751e8b465ee728b)  -> (artifact id: 'bef9d9ff49d2cd9117656a354d6b4d36') in 0.006514 seconds
  Import took 0.011489 seconds .

========================================================================
Received Import Request.
  Time since last request: 2.351861 seconds.
  path: Assets/Textures/HammerJetsEmissionTexture.png
  artifactKey: Guid(e0caf3180bc9fe64da23c9fc5417b129) Importer(815301076,1909f56bfc062723c751e8b465ee728b)
Start importing Assets/Textures/HammerJetsEmissionTexture.png using Guid(e0caf3180bc9fe64da23c9fc5417b129) Importer(815301076,1909f56bfc062723c751e8b465ee728b)  -> (artifact id: '38ff116d28757ccdafa52ac676620024') in 0.006448 seconds
  Import took 0.011487 seconds .

========================================================================
Received Import Request.
  Time since last request: 0.004303 seconds.
  path: Assets/Textures/HammerJetsEmissionTexture.png
  artifactKey: Guid(e0caf3180bc9fe64da23c9fc5417b129) Importer(815301076,1909f56bfc062723c751e8b465ee728b)
Start importing Assets/Textures/HammerJetsEmissionTexture.png using Guid(e0caf3180bc9fe64da23c9fc5417b129) Importer(815301076,1909f56bfc062723c751e8b465ee728b)  -> (artifact id: '38ff116d28757ccdafa52ac676620024') in 0.006974 seconds
  Import took 0.012051 seconds .

========================================================================
Received Import Request.
  Time since last request: 3.150889 seconds.
  path: Assets/Textures/HammerHeadTexture.png
  artifactKey: Guid(9c8f4201e20ea29419891ef2638db910) Importer(815301076,1909f56bfc062723c751e8b465ee728b)
Start importing Assets/Textures/HammerHeadTexture.png using Guid(9c8f4201e20ea29419891ef2638db910) Importer(815301076,1909f56bfc062723c751e8b465ee728b)  -> (artifact id: '10dcd5be20593d869227e90bd0c945d0') in 0.015589 seconds
  Import took 0.021656 seconds .

========================================================================
Received Import Request.
  Time since last request: 40.628680 seconds.
  path: Assets/Models/Hammer.fbx
  artifactKey: Guid(69ae434b26870ba4eb6d724ed4939a92) Importer(815301076,1909f56bfc062723c751e8b465ee728b)
Start importing Assets/Models/Hammer.fbx using Guid(69ae434b26870ba4eb6d724ed4939a92) Importer(815301076,1909f56bfc062723c751e8b465ee728b)  -> (artifact id: '062f23b7beef5fb50615301c91ab4f95') in 0.206559 seconds
  Import took 0.212998 seconds .

========================================================================
Received Import Request.
  Time since last request: 28.683108 seconds.
  path: Assets/Textures
  artifactKey: Guid(5d48277e67f0ee945a4870ac368cf2c8) Importer(815301076,1909f56bfc062723c751e8b465ee728b)
Start importing Assets/Textures using Guid(5d48277e67f0ee945a4870ac368cf2c8) Importer(815301076,1909f56bfc062723c751e8b465ee728b)  -> (artifact id: 'a16c420b26889421f63fa35157443a25') in 0.005508 seconds
  Import took 0.010581 seconds .

========================================================================
Received Import Request.
  Time since last request: 6.278890 seconds.
  path: Assets/Textures/HammerMat.mat
  artifactKey: Guid(26152ec9bfe2af249b7238d6949074f0) Importer(815301076,1909f56bfc062723c751e8b465ee728b)
Start importing Assets/Textures/HammerMat.mat using Guid(26152ec9bfe2af249b7238d6949074f0) Importer(815301076,1909f56bfc062723c751e8b465ee728b)  -> (artifact id: '5a1bcc266995a5ea389635f1d732192c') in 0.010213 seconds
  Import took 0.015648 seconds .

========================================================================
Received Import Request.
  Time since last request: 42.382889 seconds.
  path: Assets/Textures/HammerJets.mat
  artifactKey: Guid(843a38d87f1cd784982ccee5b5a71493) Importer(815301076,1909f56bfc062723c751e8b465ee728b)
Start importing Assets/Textures/HammerJets.mat using Guid(843a38d87f1cd784982ccee5b5a71493) Importer(815301076,1909f56bfc062723c751e8b465ee728b)  -> (artifact id: '49122b61035235fba93da6c228413832') in 0.010548 seconds
  Import took 0.015682 seconds .

========================================================================
Received Import Request.
  Time since last request: 0.000158 seconds.
  path: Assets/Textures/HammerMat.mat
  artifactKey: Guid(26152ec9bfe2af249b7238d6949074f0) Importer(815301076,1909f56bfc062723c751e8b465ee728b)
Start importing Assets/Textures/HammerMat.mat using Guid(26152ec9bfe2af249b7238d6949074f0) Importer(815301076,1909f56bfc062723c751e8b465ee728b)  -> (artifact id: 'ea50dda22278558a25075e1d03e9a24e') in 0.021402 seconds
  Import took 0.027662 seconds .

========================================================================
Received Prepare
Registering precompiled user dll's ...
Registered in 0.003583 seconds.
Begin MonoManager ReloadAssembly
Native extension for WindowsStandalone target not found
Refreshing native plugins compatible for Editor in 0.74 ms, found 2 plugins.
Preloading 0 native plugins for Editor in 0.00 ms.
Mono: successfully reloaded assembly
- Completed reload, in  1.056 seconds
Platform modules already initialized, skipping
Shader 'Universal Render Pipeline/Particles/Lit': fallback shader 'Universal Render Pipeline/Particles/SimpleLit' not found
Refreshing native plugins compatible for Editor in 0.74 ms, found 2 plugins.
Preloading 0 native plugins for Editor in 0.00 ms.
Unloading 3559 Unused Serialized files (Serialized files now loaded: 0)
System memory in use before: 156.1 MB.
System memory in use after: 156.4 MB.

Unloading 16 unused Assets to reduce memory usage. Loaded Objects now: 4215.
Total: 3.144000 ms (FindLiveObjects: 0.355600 ms CreateObjectMapping: 0.095200 ms MarkObjects: 2.672000 ms  DeleteObjects: 0.019500 ms)

AssetImportParameters requested are different than current active one (requested -> active):
  requireTextureImportCompression: false -> true
========================================================================
Received Prepare
Registering precompiled user dll's ...
Registered in 0.003421 seconds.
Begin MonoManager ReloadAssembly
Native extension for WindowsStandalone target not found
Refreshing native plugins compatible for Editor in 0.72 ms, found 2 plugins.
Preloading 0 native plugins for Editor in 0.00 ms.
Mono: successfully reloaded assembly
- Completed reload, in  1.067 seconds
Platform modules already initialized, skipping
Shader 'Universal Render Pipeline/Particles/Lit': fallback shader 'Universal Render Pipeline/Particles/SimpleLit' not found
Refreshing native plugins compatible for Editor in 0.67 ms, found 2 plugins.
Preloading 0 native plugins for Editor in 0.00 ms.
Unloading 3558 Unused Serialized files (Serialized files now loaded: 0)
System memory in use before: 156.1 MB.
System memory in use after: 156.4 MB.

Unloading 16 unused Assets to reduce memory usage. Loaded Objects now: 4218.
Total: 2.525500 ms (FindLiveObjects: 0.399000 ms CreateObjectMapping: 0.095800 ms MarkObjects: 2.014000 ms  DeleteObjects: 0.015300 ms)

AssetImportParameters requested are different than current active one (requested -> active):
  requireTextureImportCompression: false -> true
========================================================================
Received Import Request.
  Time since last request: 635.286164 seconds.
  path: Assets/Textures/HammerJets.mat
  artifactKey: Guid(843a38d87f1cd784982ccee5b5a71493) Importer(815301076,1909f56bfc062723c751e8b465ee728b)
Start importing Assets/Textures/HammerJets.mat using Guid(843a38d87f1cd784982ccee5b5a71493) Importer(815301076,1909f56bfc062723c751e8b465ee728b)  -> (artifact id: '27e1962b4f79b2af3260172a7ea13ce6') in 0.156566 seconds
  Import took 0.162093 seconds .

========================================================================
Received Import Request.
  Time since last request: 9.502243 seconds.
  path: Assets/Prefabs/Hammer.prefab
  artifactKey: Guid(7c2c121eda314614c936928fa702af14) Importer(815301076,1909f56bfc062723c751e8b465ee728b)
Start importing Assets/Prefabs/Hammer.prefab using Guid(7c2c121eda314614c936928fa702af14) Importer(815301076,1909f56bfc062723c751e8b465ee728b)  -> (artifact id: '30a41b4d188fd370b21cca9c8ec6c8af') in 0.036542 seconds
  Import took 0.042907 seconds .

========================================================================
Received Import Request.
  Time since last request: 0.008080 seconds.
  path: Assets/Prefabs/Hammer.prefab
  artifactKey: Guid(7c2c121eda314614c936928fa702af14) Importer(815301076,1909f56bfc062723c751e8b465ee728b)
Start importing Assets/Prefabs/Hammer.prefab using Guid(7c2c121eda314614c936928fa702af14) Importer(815301076,1909f56bfc062723c751e8b465ee728b)  -> (artifact id: '30a41b4d188fd370b21cca9c8ec6c8af') in 0.019469 seconds
  Import took 0.025467 seconds .

AssetImportWorkerClient::OnTransportError - code=2 error=End of file
